22:39:25 **** Incremental Build of configuration Release for project tableFastLED ****
"E:\\ide\\sloeber2\\sloeber\\arduinoPlugin\\tools\\make\\make" all 
'Building file: E:\ide\teensy\arduino\arduino-1.6.8\hardware\teensy\avr\libraries\OctoWS2811\OctoWS2811.cpp'
'Starting C++ compile'
"E:/ide/teensy/arduino/arduino-1.6.8/hardware/teensy/../tools/arm/bin/arm-none-eabi-g++" -c -Os -g -Wall -ffunction-sections -fdata-sections -nostdlib -MMD -fno-exceptions -felide-constructors -std=gnu++0x -fno-rtti -mthumb -mcpu=cortex-m4 -fsingle-precision-constant -D__MK20DX256__ -DTEENSYDUINO=128 -DARDUINO=10609 -DF_CPU=72000000 -DUSB_SERIAL -DLAYOUT_GERMAN_SWISS  -I"E:\ide\teensy\arduino\arduino-1.6.8\hardware\teensy\avr\cores\teensy3" -I"E:\ide\teensy\arduino\arduino-1.6.8\hardware\teensy\avr\libraries\OctoWS2811" -I"E:\ide\teensy\arduino\arduino-1.6.8\hardware\teensy\avr\libraries\FastLED" -MMD -MP -MF"libraries\OctoWS2811\OctoWS2811.cpp.d" -MT"libraries\OctoWS2811\OctoWS2811.cpp.o" -D__IN_ECLIPSE__=1 -x c++ "E:\ide\teensy\arduino\arduino-1.6.8\hardware\teensy\avr\libraries\OctoWS2811\OctoWS2811.cpp" -o "libraries\OctoWS2811\OctoWS2811.cpp.o"  -Wall
'Finished building: E:\ide\teensy\arduino\arduino-1.6.8\hardware\teensy\avr\libraries\OctoWS2811\OctoWS2811.cpp'
' '
'Building file: E:\ide\teensy\arduino\arduino-1.6.8\hardware\teensy\avr\libraries\FastLED\FastLED.cpp'
'Starting C++ compile'
"E:/ide/teensy/arduino/arduino-1.6.8/hardware/teensy/../tools/arm/bin/arm-none-eabi-g++" -c -Os -g -Wall -ffunction-sections -fdata-sections -nostdlib -MMD -fno-exceptions -felide-constructors -std=gnu++0x -fno-rtti -mthumb -mcpu=cortex-m4 -fsingle-precision-constant -D__MK20DX256__ -DTEENSYDUINO=128 -DARDUINO=10609 -DF_CPU=72000000 -DUSB_SERIAL -DLAYOUT_GERMAN_SWISS  -I"E:\ide\teensy\arduino\arduino-1.6.8\hardware\teensy\avr\cores\teensy3" -I"E:\ide\teensy\arduino\arduino-1.6.8\hardware\teensy\avr\libraries\OctoWS2811" -I"E:\ide\teensy\arduino\arduino-1.6.8\hardware\teensy\avr\libraries\FastLED" -MMD -MP -MF"libraries\FastLED\FastLED.cpp.d" -MT"libraries\FastLED\FastLED.cpp.o" -D__IN_ECLIPSE__=1 -x c++ "E:\ide\teensy\arduino\arduino-1.6.8\hardware\teensy\avr\libraries\FastLED\FastLED.cpp" -o "libraries\FastLED\FastLED.cpp.o"  -Wall
'Finished building: E:\ide\teensy\arduino\arduino-1.6.8\hardware\teensy\avr\libraries\FastLED\FastLED.cpp'
' '
'Building file: E:\ide\teensy\arduino\arduino-1.6.8\hardware\teensy\avr\libraries\FastLED\colorpalettes.cpp'
'Starting C++ compile'
"E:/ide/teensy/arduino/arduino-1.6.8/hardware/teensy/../tools/arm/bin/arm-none-eabi-g++" -c -Os -g -Wall -ffunction-sections -fdata-sections -nostdlib -MMD -fno-exceptions -felide-constructors -std=gnu++0x -fno-rtti -mthumb -mcpu=cortex-m4 -fsingle-precision-constant -D__MK20DX256__ -DTEENSYDUINO=128 -DARDUINO=10609 -DF_CPU=72000000 -DUSB_SERIAL -DLAYOUT_GERMAN_SWISS  -I"E:\ide\teensy\arduino\arduino-1.6.8\hardware\teensy\avr\cores\teensy3" -I"E:\ide\teensy\arduino\arduino-1.6.8\hardware\teensy\avr\libraries\OctoWS2811" -I"E:\ide\teensy\arduino\arduino-1.6.8\hardware\teensy\avr\libraries\FastLED" -MMD -MP -MF"libraries\FastLED\colorpalettes.cpp.d" -MT"libraries\FastLED\colorpalettes.cpp.o" -D__IN_ECLIPSE__=1 -x c++ "E:\ide\teensy\arduino\arduino-1.6.8\hardware\teensy\avr\libraries\FastLED\colorpalettes.cpp" -o "libraries\FastLED\colorpalettes.cpp.o"  -Wall
'Finished building: E:\ide\teensy\arduino\arduino-1.6.8\hardware\teensy\avr\libraries\FastLED\colorpalettes.cpp'
' '
'Building file: E:\ide\teensy\arduino\arduino-1.6.8\hardware\teensy\avr\libraries\FastLED\colorutils.cpp'
'Starting C++ compile'
"E:/ide/teensy/arduino/arduino-1.6.8/hardware/teensy/../tools/arm/bin/arm-none-eabi-g++" -c -Os -g -Wall -ffunction-sections -fdata-sections -nostdlib -MMD -fno-exceptions -felide-constructors -std=gnu++0x -fno-rtti -mthumb -mcpu=cortex-m4 -fsingle-precision-constant -D__MK20DX256__ -DTEENSYDUINO=128 -DARDUINO=10609 -DF_CPU=72000000 -DUSB_SERIAL -DLAYOUT_GERMAN_SWISS  -I"E:\ide\teensy\arduino\arduino-1.6.8\hardware\teensy\avr\cores\teensy3" -I"E:\ide\teensy\arduino\arduino-1.6.8\hardware\teensy\avr\libraries\OctoWS2811" -I"E:\ide\teensy\arduino\arduino-1.6.8\hardware\teensy\avr\libraries\FastLED" -MMD -MP -MF"libraries\FastLED\colorutils.cpp.d" -MT"libraries\FastLED\colorutils.cpp.o" -D__IN_ECLIPSE__=1 -x c++ "E:\ide\teensy\arduino\arduino-1.6.8\hardware\teensy\avr\libraries\FastLED\colorutils.cpp" -o "libraries\FastLED\colorutils.cpp.o"  -Wall
'Finished building: E:\ide\teensy\arduino\arduino-1.6.8\hardware\teensy\avr\libraries\FastLED\colorutils.cpp'
' '
'Building file: E:\ide\teensy\arduino\arduino-1.6.8\hardware\teensy\avr\libraries\FastLED\hsv2rgb.cpp'
'Starting C++ compile'
"E:/ide/teensy/arduino/arduino-1.6.8/hardware/teensy/../tools/arm/bin/arm-none-eabi-g++" -c -Os -g -Wall -ffunction-sections -fdata-sections -nostdlib -MMD -fno-exceptions -felide-constructors -std=gnu++0x -fno-rtti -mthumb -mcpu=cortex-m4 -fsingle-precision-constant -D__MK20DX256__ -DTEENSYDUINO=128 -DARDUINO=10609 -DF_CPU=72000000 -DUSB_SERIAL -DLAYOUT_GERMAN_SWISS  -I"E:\ide\teensy\arduino\arduino-1.6.8\hardware\teensy\avr\cores\teensy3" -I"E:\ide\teensy\arduino\arduino-1.6.8\hardware\teensy\avr\libraries\OctoWS2811" -I"E:\ide\teensy\arduino\arduino-1.6.8\hardware\teensy\avr\libraries\FastLED" -MMD -MP -MF"libraries\FastLED\hsv2rgb.cpp.d" -MT"libraries\FastLED\hsv2rgb.cpp.o" -D__IN_ECLIPSE__=1 -x c++ "E:\ide\teensy\arduino\arduino-1.6.8\hardware\teensy\avr\libraries\FastLED\hsv2rgb.cpp" -o "libraries\FastLED\hsv2rgb.cpp.o"  -Wall
'Finished building: E:\ide\teensy\arduino\arduino-1.6.8\hardware\teensy\avr\libraries\FastLED\hsv2rgb.cpp'
' '
'Building file: E:\ide\teensy\arduino\arduino-1.6.8\hardware\teensy\avr\libraries\FastLED\lib8tion.cpp'
'Starting C++ compile'
"E:/ide/teensy/arduino/arduino-1.6.8/hardware/teensy/../tools/arm/bin/arm-none-eabi-g++" -c -Os -g -Wall -ffunction-sections -fdata-sections -nostdlib -MMD -fno-exceptions -felide-constructors -std=gnu++0x -fno-rtti -mthumb -mcpu=cortex-m4 -fsingle-precision-constant -D__MK20DX256__ -DTEENSYDUINO=128 -DARDUINO=10609 -DF_CPU=72000000 -DUSB_SERIAL -DLAYOUT_GERMAN_SWISS  -I"E:\ide\teensy\arduino\arduino-1.6.8\hardware\teensy\avr\cores\teensy3" -I"E:\ide\teensy\arduino\arduino-1.6.8\hardware\teensy\avr\libraries\OctoWS2811" -I"E:\ide\teensy\arduino\arduino-1.6.8\hardware\teensy\avr\libraries\FastLED" -MMD -MP -MF"libraries\FastLED\lib8tion.cpp.d" -MT"libraries\FastLED\lib8tion.cpp.o" -D__IN_ECLIPSE__=1 -x c++ "E:\ide\teensy\arduino\arduino-1.6.8\hardware\teensy\avr\libraries\FastLED\lib8tion.cpp" -o "libraries\FastLED\lib8tion.cpp.o"  -Wall
'Finished building: E:\ide\teensy\arduino\arduino-1.6.8\hardware\teensy\avr\libraries\FastLED\lib8tion.cpp'
' '
'Building file: E:\ide\teensy\arduino\arduino-1.6.8\hardware\teensy\avr\libraries\FastLED\noise.cpp'
'Starting C++ compile'
"E:/ide/teensy/arduino/arduino-1.6.8/hardware/teensy/../tools/arm/bin/arm-none-eabi-g++" -c -Os -g -Wall -ffunction-sections -fdata-sections -nostdlib -MMD -fno-exceptions -felide-constructors -std=gnu++0x -fno-rtti -mthumb -mcpu=cortex-m4 -fsingle-precision-constant -D__MK20DX256__ -DTEENSYDUINO=128 -DARDUINO=10609 -DF_CPU=72000000 -DUSB_SERIAL -DLAYOUT_GERMAN_SWISS  -I"E:\ide\teensy\arduino\arduino-1.6.8\hardware\teensy\avr\cores\teensy3" -I"E:\ide\teensy\arduino\arduino-1.6.8\hardware\teensy\avr\libraries\OctoWS2811" -I"E:\ide\teensy\arduino\arduino-1.6.8\hardware\teensy\avr\libraries\FastLED" -MMD -MP -MF"libraries\FastLED\noise.cpp.d" -MT"libraries\FastLED\noise.cpp.o" -D__IN_ECLIPSE__=1 -x c++ "E:\ide\teensy\arduino\arduino-1.6.8\hardware\teensy\avr\libraries\FastLED\noise.cpp" -o "libraries\FastLED\noise.cpp.o"  -Wall
'Finished building: E:\ide\teensy\arduino\arduino-1.6.8\hardware\teensy\avr\libraries\FastLED\noise.cpp'
' '
'Building file: E:\ide\teensy\arduino\arduino-1.6.8\hardware\teensy\avr\libraries\FastLED\power_mgt.cpp'
'Starting C++ compile'
"E:/ide/teensy/arduino/arduino-1.6.8/hardware/teensy/../tools/arm/bin/arm-none-eabi-g++" -c -Os -g -Wall -ffunction-sections -fdata-sections -nostdlib -MMD -fno-exceptions -felide-constructors -std=gnu++0x -fno-rtti -mthumb -mcpu=cortex-m4 -fsingle-precision-constant -D__MK20DX256__ -DTEENSYDUINO=128 -DARDUINO=10609 -DF_CPU=72000000 -DUSB_SERIAL -DLAYOUT_GERMAN_SWISS  -I"E:\ide\teensy\arduino\arduino-1.6.8\hardware\teensy\avr\cores\teensy3" -I"E:\ide\teensy\arduino\arduino-1.6.8\hardware\teensy\avr\libraries\OctoWS2811" -I"E:\ide\teensy\arduino\arduino-1.6.8\hardware\teensy\avr\libraries\FastLED" -MMD -MP -MF"libraries\FastLED\power_mgt.cpp.d" -MT"libraries\FastLED\power_mgt.cpp.o" -D__IN_ECLIPSE__=1 -x c++ "E:\ide\teensy\arduino\arduino-1.6.8\hardware\teensy\avr\libraries\FastLED\power_mgt.cpp" -o "libraries\FastLED\power_mgt.cpp.o"  -Wall
'Finished building: E:\ide\teensy\arduino\arduino-1.6.8\hardware\teensy\avr\libraries\FastLED\power_mgt.cpp'
' '
'Building file: E:\ide\teensy\arduino\arduino-1.6.8\hardware\teensy\avr\libraries\FastLED\wiring.cpp'
'Starting C++ compile'
"E:/ide/teensy/arduino/arduino-1.6.8/hardware/teensy/../tools/arm/bin/arm-none-eabi-g++" -c -Os -g -Wall -ffunction-sections -fdata-sections -nostdlib -MMD -fno-exceptions -felide-constructors -std=gnu++0x -fno-rtti -mthumb -mcpu=cortex-m4 -fsingle-precision-constant -D__MK20DX256__ -DTEENSYDUINO=128 -DARDUINO=10609 -DF_CPU=72000000 -DUSB_SERIAL -DLAYOUT_GERMAN_SWISS  -I"E:\ide\teensy\arduino\arduino-1.6.8\hardware\teensy\avr\cores\teensy3" -I"E:\ide\teensy\arduino\arduino-1.6.8\hardware\teensy\avr\libraries\OctoWS2811" -I"E:\ide\teensy\arduino\arduino-1.6.8\hardware\teensy\avr\libraries\FastLED" -MMD -MP -MF"libraries\FastLED\wiring.cpp.d" -MT"libraries\FastLED\wiring.cpp.o" -D__IN_ECLIPSE__=1 -x c++ "E:\ide\teensy\arduino\arduino-1.6.8\hardware\teensy\avr\libraries\FastLED\wiring.cpp" -o "libraries\FastLED\wiring.cpp.o"  -Wall
'Finished building: E:\ide\teensy\arduino\arduino-1.6.8\hardware\teensy\avr\libraries\FastLED\wiring.cpp'
' '
'Building file: E:\ide\teensy\arduino\arduino-1.6.8\hardware\teensy\avr\cores\teensy3\AudioStream.cpp'
'Starting C++ compile'
"E:/ide/teensy/arduino/arduino-1.6.8/hardware/teensy/../tools/arm/bin/arm-none-eabi-g++" -c -Os -g -Wall -ffunction-sections -fdata-sections -nostdlib -MMD -fno-exceptions -felide-constructors -std=gnu++0x -fno-rtti -mthumb -mcpu=cortex-m4 -fsingle-precision-constant -D__MK20DX256__ -DTEENSYDUINO=128 -DARDUINO=10609 -DF_CPU=72000000 -DUSB_SERIAL -DLAYOUT_GERMAN_SWISS  -I"E:\ide\teensy\arduino\arduino-1.6.8\hardware\teensy\avr\cores\teensy3" -I"E:\ide\teensy\arduino\arduino-1.6.8\hardware\teensy\avr\libraries\OctoWS2811" -I"E:\ide\teensy\arduino\arduino-1.6.8\hardware\teensy\avr\libraries\FastLED" -MMD -MP -MF"core\AudioStream.cpp.d" -MT"core\AudioStream.cpp.o" -D__IN_ECLIPSE__=1 -x c++ "E:\ide\teensy\arduino\arduino-1.6.8\hardware\teensy\avr\cores\teensy3\AudioStream.cpp" -o "core\AudioStream.cpp.o"  -Wall
'Finished building: E:\ide\teensy\arduino\arduino-1.6.8\hardware\teensy\avr\cores\teensy3\AudioStream.cpp'
' '
'Building file: E:\ide\teensy\arduino\arduino-1.6.8\hardware\teensy\avr\cores\teensy3\DMAChannel.cpp'
'Starting C++ compile'
"E:/ide/teensy/arduino/arduino-1.6.8/hardware/teensy/../tools/arm/bin/arm-none-eabi-g++" -c -Os -g -Wall -ffunction-sections -fdata-sections -nostdlib -MMD -fno-exceptions -felide-constructors -std=gnu++0x -fno-rtti -mthumb -mcpu=cortex-m4 -fsingle-precision-constant -D__MK20DX256__ -DTEENSYDUINO=128 -DARDUINO=10609 -DF_CPU=72000000 -DUSB_SERIAL -DLAYOUT_GERMAN_SWISS  -I"E:\ide\teensy\arduino\arduino-1.6.8\hardware\teensy\avr\cores\teensy3" -I"E:\ide\teensy\arduino\arduino-1.6.8\hardware\teensy\avr\libraries\OctoWS2811" -I"E:\ide\teensy\arduino\arduino-1.6.8\hardware\teensy\avr\libraries\FastLED" -MMD -MP -MF"core\DMAChannel.cpp.d" -MT"core\DMAChannel.cpp.o" -D__IN_ECLIPSE__=1 -x c++ "E:\ide\teensy\arduino\arduino-1.6.8\hardware\teensy\avr\cores\teensy3\DMAChannel.cpp" -o "core\DMAChannel.cpp.o"  -Wall
'Finished building: E:\ide\teensy\arduino\arduino-1.6.8\hardware\teensy\avr\cores\teensy3\DMAChannel.cpp'
' '
'Building file: E:\ide\teensy\arduino\arduino-1.6.8\hardware\teensy\avr\cores\teensy3\HardwareSerial1.cpp'
'Starting C++ compile'
"E:/ide/teensy/arduino/arduino-1.6.8/hardware/teensy/../tools/arm/bin/arm-none-eabi-g++" -c -Os -g -Wall -ffunction-sections -fdata-sections -nostdlib -MMD -fno-exceptions -felide-constructors -std=gnu++0x -fno-rtti -mthumb -mcpu=cortex-m4 -fsingle-precision-constant -D__MK20DX256__ -DTEENSYDUINO=128 -DARDUINO=10609 -DF_CPU=72000000 -DUSB_SERIAL -DLAYOUT_GERMAN_SWISS  -I"E:\ide\teensy\arduino\arduino-1.6.8\hardware\teensy\avr\cores\teensy3" -I"E:\ide\teensy\arduino\arduino-1.6.8\hardware\teensy\avr\libraries\OctoWS2811" -I"E:\ide\teensy\arduino\arduino-1.6.8\hardware\teensy\avr\libraries\FastLED" -MMD -MP -MF"core\HardwareSerial1.cpp.d" -MT"core\HardwareSerial1.cpp.o" -D__IN_ECLIPSE__=1 -x c++ "E:\ide\teensy\arduino\arduino-1.6.8\hardware\teensy\avr\cores\teensy3\HardwareSerial1.cpp" -o "core\HardwareSerial1.cpp.o"  -Wall
'Finished building: E:\ide\teensy\arduino\arduino-1.6.8\hardware\teensy\avr\cores\teensy3\HardwareSerial1.cpp'
' '
'Building file: E:\ide\teensy\arduino\arduino-1.6.8\hardware\teensy\avr\cores\teensy3\HardwareSerial2.cpp'
'Starting C++ compile'
"E:/ide/teensy/arduino/arduino-1.6.8/hardware/teensy/../tools/arm/bin/arm-none-eabi-g++" -c -Os -g -Wall -ffunction-sections -fdata-sections -nostdlib -MMD -fno-exceptions -felide-constructors -std=gnu++0x -fno-rtti -mthumb -mcpu=cortex-m4 -fsingle-precision-constant -D__MK20DX256__ -DTEENSYDUINO=128 -DARDUINO=10609 -DF_CPU=72000000 -DUSB_SERIAL -DLAYOUT_GERMAN_SWISS  -I"E:\ide\teensy\arduino\arduino-1.6.8\hardware\teensy\avr\cores\teensy3" -I"E:\ide\teensy\arduino\arduino-1.6.8\hardware\teensy\avr\libraries\OctoWS2811" -I"E:\ide\teensy\arduino\arduino-1.6.8\hardware\teensy\avr\libraries\FastLED" -MMD -MP -MF"core\HardwareSerial2.cpp.d" -MT"core\HardwareSerial2.cpp.o" -D__IN_ECLIPSE__=1 -x c++ "E:\ide\teensy\arduino\arduino-1.6.8\hardware\teensy\avr\cores\teensy3\HardwareSerial2.cpp" -o "core\HardwareSerial2.cpp.o"  -Wall
'Finished building: E:\ide\teensy\arduino\arduino-1.6.8\hardware\teensy\avr\cores\teensy3\HardwareSerial2.cpp'
' '
'Building file: E:\ide\teensy\arduino\arduino-1.6.8\hardware\teensy\avr\cores\teensy3\HardwareSerial3.cpp'
'Starting C++ compile'
"E:/ide/teensy/arduino/arduino-1.6.8/hardware/teensy/../tools/arm/bin/arm-none-eabi-g++" -c -Os -g -Wall -ffunction-sections -fdata-sections -nostdlib -MMD -fno-exceptions -felide-constructors -std=gnu++0x -fno-rtti -mthumb -mcpu=cortex-m4 -fsingle-precision-constant -D__MK20DX256__ -DTEENSYDUINO=128 -DARDUINO=10609 -DF_CPU=72000000 -DUSB_SERIAL -DLAYOUT_GERMAN_SWISS  -I"E:\ide\teensy\arduino\arduino-1.6.8\hardware\teensy\avr\cores\teensy3" -I"E:\ide\teensy\arduino\arduino-1.6.8\hardware\teensy\avr\libraries\OctoWS2811" -I"E:\ide\teensy\arduino\arduino-1.6.8\hardware\teensy\avr\libraries\FastLED" -MMD -MP -MF"core\HardwareSerial3.cpp.d" -MT"core\HardwareSerial3.cpp.o" -D__IN_ECLIPSE__=1 -x c++ "E:\ide\teensy\arduino\arduino-1.6.8\hardware\teensy\avr\cores\teensy3\HardwareSerial3.cpp" -o "core\HardwareSerial3.cpp.o"  -Wall
'Finished building: E:\ide\teensy\arduino\arduino-1.6.8\hardware\teensy\avr\cores\teensy3\HardwareSerial3.cpp'
' '
'Building file: E:\ide\teensy\arduino\arduino-1.6.8\hardware\teensy\avr\cores\teensy3\IPAddress.cpp'
'Starting C++ compile'
"E:/ide/teensy/arduino/arduino-1.6.8/hardware/teensy/../tools/arm/bin/arm-none-eabi-g++" -c -Os -g -Wall -ffunction-sections -fdata-sections -nostdlib -MMD -fno-exceptions -felide-constructors -std=gnu++0x -fno-rtti -mthumb -mcpu=cortex-m4 -fsingle-precision-constant -D__MK20DX256__ -DTEENSYDUINO=128 -DARDUINO=10609 -DF_CPU=72000000 -DUSB_SERIAL -DLAYOUT_GERMAN_SWISS  -I"E:\ide\teensy\arduino\arduino-1.6.8\hardware\teensy\avr\cores\teensy3" -I"E:\ide\teensy\arduino\arduino-1.6.8\hardware\teensy\avr\libraries\OctoWS2811" -I"E:\ide\teensy\arduino\arduino-1.6.8\hardware\teensy\avr\libraries\FastLED" -MMD -MP -MF"core\IPAddress.cpp.d" -MT"core\IPAddress.cpp.o" -D__IN_ECLIPSE__=1 -x c++ "E:\ide\teensy\arduino\arduino-1.6.8\hardware\teensy\avr\cores\teensy3\IPAddress.cpp" -o "core\IPAddress.cpp.o"  -Wall
'Finished building: E:\ide\teensy\arduino\arduino-1.6.8\hardware\teensy\avr\cores\teensy3\IPAddress.cpp'
' '
'Building file: E:\ide\teensy\arduino\arduino-1.6.8\hardware\teensy\avr\cores\teensy3\IntervalTimer.cpp'
'Starting C++ compile'
"E:/ide/teensy/arduino/arduino-1.6.8/hardware/teensy/../tools/arm/bin/arm-none-eabi-g++" -c -Os -g -Wall -ffunction-sections -fdata-sections -nostdlib -MMD -fno-exceptions -felide-constructors -std=gnu++0x -fno-rtti -mthumb -mcpu=cortex-m4 -fsingle-precision-constant -D__MK20DX256__ -DTEENSYDUINO=128 -DARDUINO=10609 -DF_CPU=72000000 -DUSB_SERIAL -DLAYOUT_GERMAN_SWISS  -I"E:\ide\teensy\arduino\arduino-1.6.8\hardware\teensy\avr\cores\teensy3" -I"E:\ide\teensy\arduino\arduino-1.6.8\hardware\teensy\avr\libraries\OctoWS2811" -I"E:\ide\teensy\arduino\arduino-1.6.8\hardware\teensy\avr\libraries\FastLED" -MMD -MP -MF"core\IntervalTimer.cpp.d" -MT"core\IntervalTimer.cpp.o" -D__IN_ECLIPSE__=1 -x c++ "E:\ide\teensy\arduino\arduino-1.6.8\hardware\teensy\avr\cores\teensy3\IntervalTimer.cpp" -o "core\IntervalTimer.cpp.o"  -Wall
'Finished building: E:\ide\teensy\arduino\arduino-1.6.8\hardware\teensy\avr\cores\teensy3\IntervalTimer.cpp'
' '
'Building file: E:\ide\teensy\arduino\arduino-1.6.8\hardware\teensy\avr\cores\teensy3\Print.cpp'
'Starting C++ compile'
"E:/ide/teensy/arduino/arduino-1.6.8/hardware/teensy/../tools/arm/bin/arm-none-eabi-g++" -c -Os -g -Wall -ffunction-sections -fdata-sections -nostdlib -MMD -fno-exceptions -felide-constructors -std=gnu++0x -fno-rtti -mthumb -mcpu=cortex-m4 -fsingle-precision-constant -D__MK20DX256__ -DTEENSYDUINO=128 -DARDUINO=10609 -DF_CPU=72000000 -DUSB_SERIAL -DLAYOUT_GERMAN_SWISS  -I"E:\ide\teensy\arduino\arduino-1.6.8\hardware\teensy\avr\cores\teensy3" -I"E:\ide\teensy\arduino\arduino-1.6.8\hardware\teensy\avr\libraries\OctoWS2811" -I"E:\ide\teensy\arduino\arduino-1.6.8\hardware\teensy\avr\libraries\FastLED" -MMD -MP -MF"core\Print.cpp.d" -MT"core\Print.cpp.o" -D__IN_ECLIPSE__=1 -x c++ "E:\ide\teensy\arduino\arduino-1.6.8\hardware\teensy\avr\cores\teensy3\Print.cpp" -o "core\Print.cpp.o"  -Wall
'Finished building: E:\ide\teensy\arduino\arduino-1.6.8\hardware\teensy\avr\cores\teensy3\Print.cpp'
' '
'Building file: E:\ide\teensy\arduino\arduino-1.6.8\hardware\teensy\avr\cores\teensy3\Stream.cpp'
'Starting C++ compile'
"E:/ide/teensy/arduino/arduino-1.6.8/hardware/teensy/../tools/arm/bin/arm-none-eabi-g++" -c -Os -g -Wall -ffunction-sections -fdata-sections -nostdlib -MMD -fno-exceptions -felide-constructors -std=gnu++0x -fno-rtti -mthumb -mcpu=cortex-m4 -fsingle-precision-constant -D__MK20DX256__ -DTEENSYDUINO=128 -DARDUINO=10609 -DF_CPU=72000000 -DUSB_SERIAL -DLAYOUT_GERMAN_SWISS  -I"E:\ide\teensy\arduino\arduino-1.6.8\hardware\teensy\avr\cores\teensy3" -I"E:\ide\teensy\arduino\arduino-1.6.8\hardware\teensy\avr\libraries\OctoWS2811" -I"E:\ide\teensy\arduino\arduino-1.6.8\hardware\teensy\avr\libraries\FastLED" -MMD -MP -MF"core\Stream.cpp.d" -MT"core\Stream.cpp.o" -D__IN_ECLIPSE__=1 -x c++ "E:\ide\teensy\arduino\arduino-1.6.8\hardware\teensy\avr\cores\teensy3\Stream.cpp" -o "core\Stream.cpp.o"  -Wall
'Finished building: E:\ide\teensy\arduino\arduino-1.6.8\hardware\teensy\avr\cores\teensy3\Stream.cpp'
' '
'Building file: E:\ide\teensy\arduino\arduino-1.6.8\hardware\teensy\avr\cores\teensy3\Tone.cpp'
'Starting C++ compile'
"E:/ide/teensy/arduino/arduino-1.6.8/hardware/teensy/../tools/arm/bin/arm-none-eabi-g++" -c -Os -g -Wall -ffunction-sections -fdata-sections -nostdlib -MMD -fno-exceptions -felide-constructors -std=gnu++0x -fno-rtti -mthumb -mcpu=cortex-m4 -fsingle-precision-constant -D__MK20DX256__ -DTEENSYDUINO=128 -DARDUINO=10609 -DF_CPU=72000000 -DUSB_SERIAL -DLAYOUT_GERMAN_SWISS  -I"E:\ide\teensy\arduino\arduino-1.6.8\hardware\teensy\avr\cores\teensy3" -I"E:\ide\teensy\arduino\arduino-1.6.8\hardware\teensy\avr\libraries\OctoWS2811" -I"E:\ide\teensy\arduino\arduino-1.6.8\hardware\teensy\avr\libraries\FastLED" -MMD -MP -MF"core\Tone.cpp.d" -MT"core\Tone.cpp.o" -D__IN_ECLIPSE__=1 -x c++ "E:\ide\teensy\arduino\arduino-1.6.8\hardware\teensy\avr\cores\teensy3\Tone.cpp" -o "core\Tone.cpp.o"  -Wall
'Finished building: E:\ide\teensy\arduino\arduino-1.6.8\hardware\teensy\avr\cores\teensy3\Tone.cpp'
' '
'Building file: E:\ide\teensy\arduino\arduino-1.6.8\hardware\teensy\avr\cores\teensy3\WMath.cpp'
'Starting C++ compile'
"E:/ide/teensy/arduino/arduino-1.6.8/hardware/teensy/../tools/arm/bin/arm-none-eabi-g++" -c -Os -g -Wall -ffunction-sections -fdata-sections -nostdlib -MMD -fno-exceptions -felide-constructors -std=gnu++0x -fno-rtti -mthumb -mcpu=cortex-m4 -fsingle-precision-constant -D__MK20DX256__ -DTEENSYDUINO=128 -DARDUINO=10609 -DF_CPU=72000000 -DUSB_SERIAL -DLAYOUT_GERMAN_SWISS  -I"E:\ide\teensy\arduino\arduino-1.6.8\hardware\teensy\avr\cores\teensy3" -I"E:\ide\teensy\arduino\arduino-1.6.8\hardware\teensy\avr\libraries\OctoWS2811" -I"E:\ide\teensy\arduino\arduino-1.6.8\hardware\teensy\avr\libraries\FastLED" -MMD -MP -MF"core\WMath.cpp.d" -MT"core\WMath.cpp.o" -D__IN_ECLIPSE__=1 -x c++ "E:\ide\teensy\arduino\arduino-1.6.8\hardware\teensy\avr\cores\teensy3\WMath.cpp" -o "core\WMath.cpp.o"  -Wall
'Finished building: E:\ide\teensy\arduino\arduino-1.6.8\hardware\teensy\avr\cores\teensy3\WMath.cpp'
' '
'Building file: E:\ide\teensy\arduino\arduino-1.6.8\hardware\teensy\avr\cores\teensy3\WString.cpp'
'Starting C++ compile'
"E:/ide/teensy/arduino/arduino-1.6.8/hardware/teensy/../tools/arm/bin/arm-none-eabi-g++" -c -Os -g -Wall -ffunction-sections -fdata-sections -nostdlib -MMD -fno-exceptions -felide-constructors -std=gnu++0x -fno-rtti -mthumb -mcpu=cortex-m4 -fsingle-precision-constant -D__MK20DX256__ -DTEENSYDUINO=128 -DARDUINO=10609 -DF_CPU=72000000 -DUSB_SERIAL -DLAYOUT_GERMAN_SWISS  -I"E:\ide\teensy\arduino\arduino-1.6.8\hardware\teensy\avr\cores\teensy3" -I"E:\ide\teensy\arduino\arduino-1.6.8\hardware\teensy\avr\libraries\OctoWS2811" -I"E:\ide\teensy\arduino\arduino-1.6.8\hardware\teensy\avr\libraries\FastLED" -MMD -MP -MF"core\WString.cpp.d" -MT"core\WString.cpp.o" -D__IN_ECLIPSE__=1 -x c++ "E:\ide\teensy\arduino\arduino-1.6.8\hardware\teensy\avr\cores\teensy3\WString.cpp" -o "core\WString.cpp.o"  -Wall
'Finished building: E:\ide\teensy\arduino\arduino-1.6.8\hardware\teensy\avr\cores\teensy3\WString.cpp'
' '
'Building file: E:\ide\teensy\arduino\arduino-1.6.8\hardware\teensy\avr\cores\teensy3\analog.c'
'Starting C compile'
"E:/ide/teensy/arduino/arduino-1.6.8/hardware/teensy/../tools/arm/bin/arm-none-eabi-gcc" -c -Os -g -Wall -ffunction-sections -fdata-sections -nostdlib -MMD -mthumb -mcpu=cortex-m4 -fsingle-precision-constant -D__MK20DX256__ -DTEENSYDUINO=128 -DARDUINO=10609 -DF_CPU=72000000 -DUSB_SERIAL -DLAYOUT_GERMAN_SWISS  -I"E:\ide\teensy\arduino\arduino-1.6.8\hardware\teensy\avr\cores\teensy3" -I"E:\ide\teensy\arduino\arduino-1.6.8\hardware\teensy\avr\libraries\OctoWS2811" -I"E:\ide\teensy\arduino\arduino-1.6.8\hardware\teensy\avr\libraries\FastLED" -MMD -MP -MF"core\analog.c.d" -MT"core\analog.c.o" -D__IN_ECLIPSE__=1 "E:\ide\teensy\arduino\arduino-1.6.8\hardware\teensy\avr\cores\teensy3\analog.c" -o "core\analog.c.o"  -Wall
'Finished building: E:\ide\teensy\arduino\arduino-1.6.8\hardware\teensy\avr\cores\teensy3\analog.c'
' '
'Building file: E:\ide\teensy\arduino\arduino-1.6.8\hardware\teensy\avr\cores\teensy3\avr_emulation.cpp'
'Starting C++ compile'
"E:/ide/teensy/arduino/arduino-1.6.8/hardware/teensy/../tools/arm/bin/arm-none-eabi-g++" -c -Os -g -Wall -ffunction-sections -fdata-sections -nostdlib -MMD -fno-exceptions -felide-constructors -std=gnu++0x -fno-rtti -mthumb -mcpu=cortex-m4 -fsingle-precision-constant -D__MK20DX256__ -DTEENSYDUINO=128 -DARDUINO=10609 -DF_CPU=72000000 -DUSB_SERIAL -DLAYOUT_GERMAN_SWISS  -I"E:\ide\teensy\arduino\arduino-1.6.8\hardware\teensy\avr\cores\teensy3" -I"E:\ide\teensy\arduino\arduino-1.6.8\hardware\teensy\avr\libraries\OctoWS2811" -I"E:\ide\teensy\arduino\arduino-1.6.8\hardware\teensy\avr\libraries\FastLED" -MMD -MP -MF"core\avr_emulation.cpp.d" -MT"core\avr_emulation.cpp.o" -D__IN_ECLIPSE__=1 -x c++ "E:\ide\teensy\arduino\arduino-1.6.8\hardware\teensy\avr\cores\teensy3\avr_emulation.cpp" -o "core\avr_emulation.cpp.o"  -Wall
'Finished building: E:\ide\teensy\arduino\arduino-1.6.8\hardware\teensy\avr\cores\teensy3\avr_emulation.cpp'
' '
'Building file: E:\ide\teensy\arduino\arduino-1.6.8\hardware\teensy\avr\cores\teensy3\eeprom.c'
'Starting C compile'
"E:/ide/teensy/arduino/arduino-1.6.8/hardware/teensy/../tools/arm/bin/arm-none-eabi-gcc" -c -Os -g -Wall -ffunction-sections -fdata-sections -nostdlib -MMD -mthumb -mcpu=cortex-m4 -fsingle-precision-constant -D__MK20DX256__ -DTEENSYDUINO=128 -DARDUINO=10609 -DF_CPU=72000000 -DUSB_SERIAL -DLAYOUT_GERMAN_SWISS  -I"E:\ide\teensy\arduino\arduino-1.6.8\hardware\teensy\avr\cores\teensy3" -I"E:\ide\teensy\arduino\arduino-1.6.8\hardware\teensy\avr\libraries\OctoWS2811" -I"E:\ide\teensy\arduino\arduino-1.6.8\hardware\teensy\avr\libraries\FastLED" -MMD -MP -MF"core\eeprom.c.d" -MT"core\eeprom.c.o" -D__IN_ECLIPSE__=1 "E:\ide\teensy\arduino\arduino-1.6.8\hardware\teensy\avr\cores\teensy3\eeprom.c" -o "core\eeprom.c.o"  -Wall
'Finished building: E:\ide\teensy\arduino\arduino-1.6.8\hardware\teensy\avr\cores\teensy3\eeprom.c'
' '
'Building file: E:\ide\teensy\arduino\arduino-1.6.8\hardware\teensy\avr\cores\teensy3\keylayouts.c'
'Starting C compile'
"E:/ide/teensy/arduino/arduino-1.6.8/hardware/teensy/../tools/arm/bin/arm-none-eabi-gcc" -c -Os -g -Wall -ffunction-sections -fdata-sections -nostdlib -MMD -mthumb -mcpu=cortex-m4 -fsingle-precision-constant -D__MK20DX256__ -DTEENSYDUINO=128 -DARDUINO=10609 -DF_CPU=72000000 -DUSB_SERIAL -DLAYOUT_GERMAN_SWISS  -I"E:\ide\teensy\arduino\arduino-1.6.8\hardware\teensy\avr\cores\teensy3" -I"E:\ide\teensy\arduino\arduino-1.6.8\hardware\teensy\avr\libraries\OctoWS2811" -I"E:\ide\teensy\arduino\arduino-1.6.8\hardware\teensy\avr\libraries\FastLED" -MMD -MP -MF"core\keylayouts.c.d" -MT"core\keylayouts.c.o" -D__IN_ECLIPSE__=1 "E:\ide\teensy\arduino\arduino-1.6.8\hardware\teensy\avr\cores\teensy3\keylayouts.c" -o "core\keylayouts.c.o"  -Wall
'Finished building: E:\ide\teensy\arduino\arduino-1.6.8\hardware\teensy\avr\cores\teensy3\keylayouts.c'
' '
'Building file: E:\ide\teensy\arduino\arduino-1.6.8\hardware\teensy\avr\cores\teensy3\main.cpp'
'Starting C++ compile'
"E:/ide/teensy/arduino/arduino-1.6.8/hardware/teensy/../tools/arm/bin/arm-none-eabi-g++" -c -Os -g -Wall -ffunction-sections -fdata-sections -nostdlib -MMD -fno-exceptions -felide-constructors -std=gnu++0x -fno-rtti -mthumb -mcpu=cortex-m4 -fsingle-precision-constant -D__MK20DX256__ -DTEENSYDUINO=128 -DARDUINO=10609 -DF_CPU=72000000 -DUSB_SERIAL -DLAYOUT_GERMAN_SWISS  -I"E:\ide\teensy\arduino\arduino-1.6.8\hardware\teensy\avr\cores\teensy3" -I"E:\ide\teensy\arduino\arduino-1.6.8\hardware\teensy\avr\libraries\OctoWS2811" -I"E:\ide\teensy\arduino\arduino-1.6.8\hardware\teensy\avr\libraries\FastLED" -MMD -MP -MF"core\main.cpp.d" -MT"core\main.cpp.o" -D__IN_ECLIPSE__=1 -x c++ "E:\ide\teensy\arduino\arduino-1.6.8\hardware\teensy\avr\cores\teensy3\main.cpp" -o "core\main.cpp.o"  -Wall
'Finished building: E:\ide\teensy\arduino\arduino-1.6.8\hardware\teensy\avr\cores\teensy3\main.cpp'
' '
'Building file: E:\ide\teensy\arduino\arduino-1.6.8\hardware\teensy\avr\cores\teensy3\math_helper.c'
'Starting C compile'
"E:/ide/teensy/arduino/arduino-1.6.8/hardware/teensy/../tools/arm/bin/arm-none-eabi-gcc" -c -Os -g -Wall -ffunction-sections -fdata-sections -nostdlib -MMD -mthumb -mcpu=cortex-m4 -fsingle-precision-constant -D__MK20DX256__ -DTEENSYDUINO=128 -DARDUINO=10609 -DF_CPU=72000000 -DUSB_SERIAL -DLAYOUT_GERMAN_SWISS  -I"E:\ide\teensy\arduino\arduino-1.6.8\hardware\teensy\avr\cores\teensy3" -I"E:\ide\teensy\arduino\arduino-1.6.8\hardware\teensy\avr\libraries\OctoWS2811" -I"E:\ide\teensy\arduino\arduino-1.6.8\hardware\teensy\avr\libraries\FastLED" -MMD -MP -MF"core\math_helper.c.d" -MT"core\math_helper.c.o" -D__IN_ECLIPSE__=1 "E:\ide\teensy\arduino\arduino-1.6.8\hardware\teensy\avr\cores\teensy3\math_helper.c" -o "core\math_helper.c.o"  -Wall
'Finished building: E:\ide\teensy\arduino\arduino-1.6.8\hardware\teensy\avr\cores\teensy3\math_helper.c'
' '
'Building file: E:\ide\teensy\arduino\arduino-1.6.8\hardware\teensy\avr\cores\teensy3\memcpy-armv7m.S'
'Starting S compile'
"E:/ide/teensy/arduino/arduino-1.6.8/hardware/teensy/../tools/arm/bin/arm-none-eabi-gcc" -c -Os -g -Wall -ffunction-sections -fdata-sections -nostdlib -MMD -x assembler-with-cpp -mthumb -mcpu=cortex-m4 -fsingle-precision-constant -D__MK20DX256__ -DTEENSYDUINO=128 -DARDUINO=10609 -DF_CPU=72000000 -DUSB_SERIAL -DLAYOUT_GERMAN_SWISS  -MMD -MP -MF"core\memcpy-armv7m.S.d" -MT"core\memcpy-armv7m.S.o" -D__IN_ECLIPSE__=1 "E:\ide\teensy\arduino\arduino-1.6.8\hardware\teensy\avr\cores\teensy3\memcpy-armv7m.S" -o "core\memcpy-armv7m.S.o"  -Wall
'Finished building: E:\ide\teensy\arduino\arduino-1.6.8\hardware\teensy\avr\cores\teensy3\memcpy-armv7m.S'
' '
'Building file: E:\ide\teensy\arduino\arduino-1.6.8\hardware\teensy\avr\cores\teensy3\memset.S'
'Starting S compile'
"E:/ide/teensy/arduino/arduino-1.6.8/hardware/teensy/../tools/arm/bin/arm-none-eabi-gcc" -c -Os -g -Wall -ffunction-sections -fdata-sections -nostdlib -MMD -x assembler-with-cpp -mthumb -mcpu=cortex-m4 -fsingle-precision-constant -D__MK20DX256__ -DTEENSYDUINO=128 -DARDUINO=10609 -DF_CPU=72000000 -DUSB_SERIAL -DLAYOUT_GERMAN_SWISS  -MMD -MP -MF"core\memset.S.d" -MT"core\memset.S.o" -D__IN_ECLIPSE__=1 "E:\ide\teensy\arduino\arduino-1.6.8\hardware\teensy\avr\cores\teensy3\memset.S" -o "core\memset.S.o"  -Wall
'Finished building: E:\ide\teensy\arduino\arduino-1.6.8\hardware\teensy\avr\cores\teensy3\memset.S'
' '
'Building file: E:\ide\teensy\arduino\arduino-1.6.8\hardware\teensy\avr\cores\teensy3\mk20dx128.c'
'Starting C compile'
"E:/ide/teensy/arduino/arduino-1.6.8/hardware/teensy/../tools/arm/bin/arm-none-eabi-gcc" -c -Os -g -Wall -ffunction-sections -fdata-sections -nostdlib -MMD -mthumb -mcpu=cortex-m4 -fsingle-precision-constant -D__MK20DX256__ -DTEENSYDUINO=128 -DARDUINO=10609 -DF_CPU=72000000 -DUSB_SERIAL -DLAYOUT_GERMAN_SWISS  -I"E:\ide\teensy\arduino\arduino-1.6.8\hardware\teensy\avr\cores\teensy3" -I"E:\ide\teensy\arduino\arduino-1.6.8\hardware\teensy\avr\libraries\OctoWS2811" -I"E:\ide\teensy\arduino\arduino-1.6.8\hardware\teensy\avr\libraries\FastLED" -MMD -MP -MF"core\mk20dx128.c.d" -MT"core\mk20dx128.c.o" -D__IN_ECLIPSE__=1 "E:\ide\teensy\arduino\arduino-1.6.8\hardware\teensy\avr\cores\teensy3\mk20dx128.c" -o "core\mk20dx128.c.o"  -Wall
'Finished building: E:\ide\teensy\arduino\arduino-1.6.8\hardware\teensy\avr\cores\teensy3\mk20dx128.c'
' '
'Building file: E:\ide\teensy\arduino\arduino-1.6.8\hardware\teensy\avr\cores\teensy3\new.cpp'
'Starting C++ compile'
"E:/ide/teensy/arduino/arduino-1.6.8/hardware/teensy/../tools/arm/bin/arm-none-eabi-g++" -c -Os -g -Wall -ffunction-sections -fdata-sections -nostdlib -MMD -fno-exceptions -felide-constructors -std=gnu++0x -fno-rtti -mthumb -mcpu=cortex-m4 -fsingle-precision-constant -D__MK20DX256__ -DTEENSYDUINO=128 -DARDUINO=10609 -DF_CPU=72000000 -DUSB_SERIAL -DLAYOUT_GERMAN_SWISS  -I"E:\ide\teensy\arduino\arduino-1.6.8\hardware\teensy\avr\cores\teensy3" -I"E:\ide\teensy\arduino\arduino-1.6.8\hardware\teensy\avr\libraries\OctoWS2811" -I"E:\ide\teensy\arduino\arduino-1.6.8\hardware\teensy\avr\libraries\FastLED" -MMD -MP -MF"core\new.cpp.d" -MT"core\new.cpp.o" -D__IN_ECLIPSE__=1 -x c++ "E:\ide\teensy\arduino\arduino-1.6.8\hardware\teensy\avr\cores\teensy3\new.cpp" -o "core\new.cpp.o"  -Wall
'Finished building: E:\ide\teensy\arduino\arduino-1.6.8\hardware\teensy\avr\cores\teensy3\new.cpp'
' '
'Building file: E:\ide\teensy\arduino\arduino-1.6.8\hardware\teensy\avr\cores\teensy3\nonstd.c'
'Starting C compile'
"E:/ide/teensy/arduino/arduino-1.6.8/hardware/teensy/../tools/arm/bin/arm-none-eabi-gcc" -c -Os -g -Wall -ffunction-sections -fdata-sections -nostdlib -MMD -mthumb -mcpu=cortex-m4 -fsingle-precision-constant -D__MK20DX256__ -DTEENSYDUINO=128 -DARDUINO=10609 -DF_CPU=72000000 -DUSB_SERIAL -DLAYOUT_GERMAN_SWISS  -I"E:\ide\teensy\arduino\arduino-1.6.8\hardware\teensy\avr\cores\teensy3" -I"E:\ide\teensy\arduino\arduino-1.6.8\hardware\teensy\avr\libraries\OctoWS2811" -I"E:\ide\teensy\arduino\arduino-1.6.8\hardware\teensy\avr\libraries\FastLED" -MMD -MP -MF"core\nonstd.c.d" -MT"core\nonstd.c.o" -D__IN_ECLIPSE__=1 "E:\ide\teensy\arduino\arduino-1.6.8\hardware\teensy\avr\cores\teensy3\nonstd.c" -o "core\nonstd.c.o"  -Wall
'Finished building: E:\ide\teensy\arduino\arduino-1.6.8\hardware\teensy\avr\cores\teensy3\nonstd.c'
' '
'Building file: E:\ide\teensy\arduino\arduino-1.6.8\hardware\teensy\avr\cores\teensy3\pins_teensy.c'
'Starting C compile'
"E:/ide/teensy/arduino/arduino-1.6.8/hardware/teensy/../tools/arm/bin/arm-none-eabi-gcc" -c -Os -g -Wall -ffunction-sections -fdata-sections -nostdlib -MMD -mthumb -mcpu=cortex-m4 -fsingle-precision-constant -D__MK20DX256__ -DTEENSYDUINO=128 -DARDUINO=10609 -DF_CPU=72000000 -DUSB_SERIAL -DLAYOUT_GERMAN_SWISS  -I"E:\ide\teensy\arduino\arduino-1.6.8\hardware\teensy\avr\cores\teensy3" -I"E:\ide\teensy\arduino\arduino-1.6.8\hardware\teensy\avr\libraries\OctoWS2811" -I"E:\ide\teensy\arduino\arduino-1.6.8\hardware\teensy\avr\libraries\FastLED" -MMD -MP -MF"core\pins_teensy.c.d" -MT"core\pins_teensy.c.o" -D__IN_ECLIPSE__=1 "E:\ide\teensy\arduino\arduino-1.6.8\hardware\teensy\avr\cores\teensy3\pins_teensy.c" -o "core\pins_teensy.c.o"  -Wall
'Finished building: E:\ide\teensy\arduino\arduino-1.6.8\hardware\teensy\avr\cores\teensy3\pins_teensy.c'
' '
'Building file: E:\ide\teensy\arduino\arduino-1.6.8\hardware\teensy\avr\cores\teensy3\ser_print.c'
'Starting C compile'
"E:/ide/teensy/arduino/arduino-1.6.8/hardware/teensy/../tools/arm/bin/arm-none-eabi-gcc" -c -Os -g -Wall -ffunction-sections -fdata-sections -nostdlib -MMD -mthumb -mcpu=cortex-m4 -fsingle-precision-constant -D__MK20DX256__ -DTEENSYDUINO=128 -DARDUINO=10609 -DF_CPU=72000000 -DUSB_SERIAL -DLAYOUT_GERMAN_SWISS  -I"E:\ide\teensy\arduino\arduino-1.6.8\hardware\teensy\avr\cores\teensy3" -I"E:\ide\teensy\arduino\arduino-1.6.8\hardware\teensy\avr\libraries\OctoWS2811" -I"E:\ide\teensy\arduino\arduino-1.6.8\hardware\teensy\avr\libraries\FastLED" -MMD -MP -MF"core\ser_print.c.d" -MT"core\ser_print.c.o" -D__IN_ECLIPSE__=1 "E:\ide\teensy\arduino\arduino-1.6.8\hardware\teensy\avr\cores\teensy3\ser_print.c" -o "core\ser_print.c.o"  -Wall
'Finished building: E:\ide\teensy\arduino\arduino-1.6.8\hardware\teensy\avr\cores\teensy3\ser_print.c'
' '
'Building file: E:\ide\teensy\arduino\arduino-1.6.8\hardware\teensy\avr\cores\teensy3\serial1.c'
'Starting C compile'
"E:/ide/teensy/arduino/arduino-1.6.8/hardware/teensy/../tools/arm/bin/arm-none-eabi-gcc" -c -Os -g -Wall -ffunction-sections -fdata-sections -nostdlib -MMD -mthumb -mcpu=cortex-m4 -fsingle-precision-constant -D__MK20DX256__ -DTEENSYDUINO=128 -DARDUINO=10609 -DF_CPU=72000000 -DUSB_SERIAL -DLAYOUT_GERMAN_SWISS  -I"E:\ide\teensy\arduino\arduino-1.6.8\hardware\teensy\avr\cores\teensy3" -I"E:\ide\teensy\arduino\arduino-1.6.8\hardware\teensy\avr\libraries\OctoWS2811" -I"E:\ide\teensy\arduino\arduino-1.6.8\hardware\teensy\avr\libraries\FastLED" -MMD -MP -MF"core\serial1.c.d" -MT"core\serial1.c.o" -D__IN_ECLIPSE__=1 "E:\ide\teensy\arduino\arduino-1.6.8\hardware\teensy\avr\cores\teensy3\serial1.c" -o "core\serial1.c.o"  -Wall
'Finished building: E:\ide\teensy\arduino\arduino-1.6.8\hardware\teensy\avr\cores\teensy3\serial1.c'
' '
'Building file: E:\ide\teensy\arduino\arduino-1.6.8\hardware\teensy\avr\cores\teensy3\serial2.c'
'Starting C compile'
"E:/ide/teensy/arduino/arduino-1.6.8/hardware/teensy/../tools/arm/bin/arm-none-eabi-gcc" -c -Os -g -Wall -ffunction-sections -fdata-sections -nostdlib -MMD -mthumb -mcpu=cortex-m4 -fsingle-precision-constant -D__MK20DX256__ -DTEENSYDUINO=128 -DARDUINO=10609 -DF_CPU=72000000 -DUSB_SERIAL -DLAYOUT_GERMAN_SWISS  -I"E:\ide\teensy\arduino\arduino-1.6.8\hardware\teensy\avr\cores\teensy3" -I"E:\ide\teensy\arduino\arduino-1.6.8\hardware\teensy\avr\libraries\OctoWS2811" -I"E:\ide\teensy\arduino\arduino-1.6.8\hardware\teensy\avr\libraries\FastLED" -MMD -MP -MF"core\serial2.c.d" -MT"core\serial2.c.o" -D__IN_ECLIPSE__=1 "E:\ide\teensy\arduino\arduino-1.6.8\hardware\teensy\avr\cores\teensy3\serial2.c" -o "core\serial2.c.o"  -Wall
'Finished building: E:\ide\teensy\arduino\arduino-1.6.8\hardware\teensy\avr\cores\teensy3\serial2.c'
' '
'Building file: E:\ide\teensy\arduino\arduino-1.6.8\hardware\teensy\avr\cores\teensy3\serial3.c'
'Starting C compile'
"E:/ide/teensy/arduino/arduino-1.6.8/hardware/teensy/../tools/arm/bin/arm-none-eabi-gcc" -c -Os -g -Wall -ffunction-sections -fdata-sections -nostdlib -MMD -mthumb -mcpu=cortex-m4 -fsingle-precision-constant -D__MK20DX256__ -DTEENSYDUINO=128 -DARDUINO=10609 -DF_CPU=72000000 -DUSB_SERIAL -DLAYOUT_GERMAN_SWISS  -I"E:\ide\teensy\arduino\arduino-1.6.8\hardware\teensy\avr\cores\teensy3" -I"E:\ide\teensy\arduino\arduino-1.6.8\hardware\teensy\avr\libraries\OctoWS2811" -I"E:\ide\teensy\arduino\arduino-1.6.8\hardware\teensy\avr\libraries\FastLED" -MMD -MP -MF"core\serial3.c.d" -MT"core\serial3.c.o" -D__IN_ECLIPSE__=1 "E:\ide\teensy\arduino\arduino-1.6.8\hardware\teensy\avr\cores\teensy3\serial3.c" -o "core\serial3.c.o"  -Wall
'Finished building: E:\ide\teensy\arduino\arduino-1.6.8\hardware\teensy\avr\cores\teensy3\serial3.c'
' '
'Building file: E:\ide\teensy\arduino\arduino-1.6.8\hardware\teensy\avr\cores\teensy3\touch.c'
'Starting C compile'
"E:/ide/teensy/arduino/arduino-1.6.8/hardware/teensy/../tools/arm/bin/arm-none-eabi-gcc" -c -Os -g -Wall -ffunction-sections -fdata-sections -nostdlib -MMD -mthumb -mcpu=cortex-m4 -fsingle-precision-constant -D__MK20DX256__ -DTEENSYDUINO=128 -DARDUINO=10609 -DF_CPU=72000000 -DUSB_SERIAL -DLAYOUT_GERMAN_SWISS  -I"E:\ide\teensy\arduino\arduino-1.6.8\hardware\teensy\avr\cores\teensy3" -I"E:\ide\teensy\arduino\arduino-1.6.8\hardware\teensy\avr\libraries\OctoWS2811" -I"E:\ide\teensy\arduino\arduino-1.6.8\hardware\teensy\avr\libraries\FastLED" -MMD -MP -MF"core\touch.c.d" -MT"core\touch.c.o" -D__IN_ECLIPSE__=1 "E:\ide\teensy\arduino\arduino-1.6.8\hardware\teensy\avr\cores\teensy3\touch.c" -o "core\touch.c.o"  -Wall
'Finished building: E:\ide\teensy\arduino\arduino-1.6.8\hardware\teensy\avr\cores\teensy3\touch.c'
' '
'Building file: E:\ide\teensy\arduino\arduino-1.6.8\hardware\teensy\avr\cores\teensy3\usb_desc.c'
'Starting C compile'
"E:/ide/teensy/arduino/arduino-1.6.8/hardware/teensy/../tools/arm/bin/arm-none-eabi-gcc" -c -Os -g -Wall -ffunction-sections -fdata-sections -nostdlib -MMD -mthumb -mcpu=cortex-m4 -fsingle-precision-constant -D__MK20DX256__ -DTEENSYDUINO=128 -DARDUINO=10609 -DF_CPU=72000000 -DUSB_SERIAL -DLAYOUT_GERMAN_SWISS  -I"E:\ide\teensy\arduino\arduino-1.6.8\hardware\teensy\avr\cores\teensy3" -I"E:\ide\teensy\arduino\arduino-1.6.8\hardware\teensy\avr\libraries\OctoWS2811" -I"E:\ide\teensy\arduino\arduino-1.6.8\hardware\teensy\avr\libraries\FastLED" -MMD -MP -MF"core\usb_desc.c.d" -MT"core\usb_desc.c.o" -D__IN_ECLIPSE__=1 "E:\ide\teensy\arduino\arduino-1.6.8\hardware\teensy\avr\cores\teensy3\usb_desc.c" -o "core\usb_desc.c.o"  -Wall
'Finished building: E:\ide\teensy\arduino\arduino-1.6.8\hardware\teensy\avr\cores\teensy3\usb_desc.c'
' '
'Building file: E:\ide\teensy\arduino\arduino-1.6.8\hardware\teensy\avr\cores\teensy3\usb_dev.c'
'Starting C compile'
"E:/ide/teensy/arduino/arduino-1.6.8/hardware/teensy/../tools/arm/bin/arm-none-eabi-gcc" -c -Os -g -Wall -ffunction-sections -fdata-sections -nostdlib -MMD -mthumb -mcpu=cortex-m4 -fsingle-precision-constant -D__MK20DX256__ -DTEENSYDUINO=128 -DARDUINO=10609 -DF_CPU=72000000 -DUSB_SERIAL -DLAYOUT_GERMAN_SWISS  -I"E:\ide\teensy\arduino\arduino-1.6.8\hardware\teensy\avr\cores\teensy3" -I"E:\ide\teensy\arduino\arduino-1.6.8\hardware\teensy\avr\libraries\OctoWS2811" -I"E:\ide\teensy\arduino\arduino-1.6.8\hardware\teensy\avr\libraries\FastLED" -MMD -MP -MF"core\usb_dev.c.d" -MT"core\usb_dev.c.o" -D__IN_ECLIPSE__=1 "E:\ide\teensy\arduino\arduino-1.6.8\hardware\teensy\avr\cores\teensy3\usb_dev.c" -o "core\usb_dev.c.o"  -Wall
'Finished building: E:\ide\teensy\arduino\arduino-1.6.8\hardware\teensy\avr\cores\teensy3\usb_dev.c'
' '
'Building file: E:\ide\teensy\arduino\arduino-1.6.8\hardware\teensy\avr\cores\teensy3\usb_flightsim.cpp'
'Starting C++ compile'
"E:/ide/teensy/arduino/arduino-1.6.8/hardware/teensy/../tools/arm/bin/arm-none-eabi-g++" -c -Os -g -Wall -ffunction-sections -fdata-sections -nostdlib -MMD -fno-exceptions -felide-constructors -std=gnu++0x -fno-rtti -mthumb -mcpu=cortex-m4 -fsingle-precision-constant -D__MK20DX256__ -DTEENSYDUINO=128 -DARDUINO=10609 -DF_CPU=72000000 -DUSB_SERIAL -DLAYOUT_GERMAN_SWISS  -I"E:\ide\teensy\arduino\arduino-1.6.8\hardware\teensy\avr\cores\teensy3" -I"E:\ide\teensy\arduino\arduino-1.6.8\hardware\teensy\avr\libraries\OctoWS2811" -I"E:\ide\teensy\arduino\arduino-1.6.8\hardware\teensy\avr\libraries\FastLED" -MMD -MP -MF"core\usb_flightsim.cpp.d" -MT"core\usb_flightsim.cpp.o" -D__IN_ECLIPSE__=1 -x c++ "E:\ide\teensy\arduino\arduino-1.6.8\hardware\teensy\avr\cores\teensy3\usb_flightsim.cpp" -o "core\usb_flightsim.cpp.o"  -Wall
'Finished building: E:\ide\teensy\arduino\arduino-1.6.8\hardware\teensy\avr\cores\teensy3\usb_flightsim.cpp'
' '
'Building file: E:\ide\teensy\arduino\arduino-1.6.8\hardware\teensy\avr\cores\teensy3\usb_inst.cpp'
'Starting C++ compile'
"E:/ide/teensy/arduino/arduino-1.6.8/hardware/teensy/../tools/arm/bin/arm-none-eabi-g++" -c -Os -g -Wall -ffunction-sections -fdata-sections -nostdlib -MMD -fno-exceptions -felide-constructors -std=gnu++0x -fno-rtti -mthumb -mcpu=cortex-m4 -fsingle-precision-constant -D__MK20DX256__ -DTEENSYDUINO=128 -DARDUINO=10609 -DF_CPU=72000000 -DUSB_SERIAL -DLAYOUT_GERMAN_SWISS  -I"E:\ide\teensy\arduino\arduino-1.6.8\hardware\teensy\avr\cores\teensy3" -I"E:\ide\teensy\arduino\arduino-1.6.8\hardware\teensy\avr\libraries\OctoWS2811" -I"E:\ide\teensy\arduino\arduino-1.6.8\hardware\teensy\avr\libraries\FastLED" -MMD -MP -MF"core\usb_inst.cpp.d" -MT"core\usb_inst.cpp.o" -D__IN_ECLIPSE__=1 -x c++ "E:\ide\teensy\arduino\arduino-1.6.8\hardware\teensy\avr\cores\teensy3\usb_inst.cpp" -o "core\usb_inst.cpp.o"  -Wall
'Finished building: E:\ide\teensy\arduino\arduino-1.6.8\hardware\teensy\avr\cores\teensy3\usb_inst.cpp'
' '
'Building file: E:\ide\teensy\arduino\arduino-1.6.8\hardware\teensy\avr\cores\teensy3\usb_joystick.c'
'Starting C compile'
"E:/ide/teensy/arduino/arduino-1.6.8/hardware/teensy/../tools/arm/bin/arm-none-eabi-gcc" -c -Os -g -Wall -ffunction-sections -fdata-sections -nostdlib -MMD -mthumb -mcpu=cortex-m4 -fsingle-precision-constant -D__MK20DX256__ -DTEENSYDUINO=128 -DARDUINO=10609 -DF_CPU=72000000 -DUSB_SERIAL -DLAYOUT_GERMAN_SWISS  -I"E:\ide\teensy\arduino\arduino-1.6.8\hardware\teensy\avr\cores\teensy3" -I"E:\ide\teensy\arduino\arduino-1.6.8\hardware\teensy\avr\libraries\OctoWS2811" -I"E:\ide\teensy\arduino\arduino-1.6.8\hardware\teensy\avr\libraries\FastLED" -MMD -MP -MF"core\usb_joystick.c.d" -MT"core\usb_joystick.c.o" -D__IN_ECLIPSE__=1 "E:\ide\teensy\arduino\arduino-1.6.8\hardware\teensy\avr\cores\teensy3\usb_joystick.c" -o "core\usb_joystick.c.o"  -Wall
'Finished building: E:\ide\teensy\arduino\arduino-1.6.8\hardware\teensy\avr\cores\teensy3\usb_joystick.c'
' '
'Building file: E:\ide\teensy\arduino\arduino-1.6.8\hardware\teensy\avr\cores\teensy3\usb_keyboard.c'
'Starting C compile'
"E:/ide/teensy/arduino/arduino-1.6.8/hardware/teensy/../tools/arm/bin/arm-none-eabi-gcc" -c -Os -g -Wall -ffunction-sections -fdata-sections -nostdlib -MMD -mthumb -mcpu=cortex-m4 -fsingle-precision-constant -D__MK20DX256__ -DTEENSYDUINO=128 -DARDUINO=10609 -DF_CPU=72000000 -DUSB_SERIAL -DLAYOUT_GERMAN_SWISS  -I"E:\ide\teensy\arduino\arduino-1.6.8\hardware\teensy\avr\cores\teensy3" -I"E:\ide\teensy\arduino\arduino-1.6.8\hardware\teensy\avr\libraries\OctoWS2811" -I"E:\ide\teensy\arduino\arduino-1.6.8\hardware\teensy\avr\libraries\FastLED" -MMD -MP -MF"core\usb_keyboard.c.d" -MT"core\usb_keyboard.c.o" -D__IN_ECLIPSE__=1 "E:\ide\teensy\arduino\arduino-1.6.8\hardware\teensy\avr\cores\teensy3\usb_keyboard.c" -o "core\usb_keyboard.c.o"  -Wall
'Finished building: E:\ide\teensy\arduino\arduino-1.6.8\hardware\teensy\avr\cores\teensy3\usb_keyboard.c'
' '
'Building file: E:\ide\teensy\arduino\arduino-1.6.8\hardware\teensy\avr\cores\teensy3\usb_mem.c'
'Starting C compile'
"E:/ide/teensy/arduino/arduino-1.6.8/hardware/teensy/../tools/arm/bin/arm-none-eabi-gcc" -c -Os -g -Wall -ffunction-sections -fdata-sections -nostdlib -MMD -mthumb -mcpu=cortex-m4 -fsingle-precision-constant -D__MK20DX256__ -DTEENSYDUINO=128 -DARDUINO=10609 -DF_CPU=72000000 -DUSB_SERIAL -DLAYOUT_GERMAN_SWISS  -I"E:\ide\teensy\arduino\arduino-1.6.8\hardware\teensy\avr\cores\teensy3" -I"E:\ide\teensy\arduino\arduino-1.6.8\hardware\teensy\avr\libraries\OctoWS2811" -I"E:\ide\teensy\arduino\arduino-1.6.8\hardware\teensy\avr\libraries\FastLED" -MMD -MP -MF"core\usb_mem.c.d" -MT"core\usb_mem.c.o" -D__IN_ECLIPSE__=1 "E:\ide\teensy\arduino\arduino-1.6.8\hardware\teensy\avr\cores\teensy3\usb_mem.c" -o "core\usb_mem.c.o"  -Wall
'Finished building: E:\ide\teensy\arduino\arduino-1.6.8\hardware\teensy\avr\cores\teensy3\usb_mem.c'
' '
'Building file: E:\ide\teensy\arduino\arduino-1.6.8\hardware\teensy\avr\cores\teensy3\usb_midi.c'
'Starting C compile'
"E:/ide/teensy/arduino/arduino-1.6.8/hardware/teensy/../tools/arm/bin/arm-none-eabi-gcc" -c -Os -g -Wall -ffunction-sections -fdata-sections -nostdlib -MMD -mthumb -mcpu=cortex-m4 -fsingle-precision-constant -D__MK20DX256__ -DTEENSYDUINO=128 -DARDUINO=10609 -DF_CPU=72000000 -DUSB_SERIAL -DLAYOUT_GERMAN_SWISS  -I"E:\ide\teensy\arduino\arduino-1.6.8\hardware\teensy\avr\cores\teensy3" -I"E:\ide\teensy\arduino\arduino-1.6.8\hardware\teensy\avr\libraries\OctoWS2811" -I"E:\ide\teensy\arduino\arduino-1.6.8\hardware\teensy\avr\libraries\FastLED" -MMD -MP -MF"core\usb_midi.c.d" -MT"core\usb_midi.c.o" -D__IN_ECLIPSE__=1 "E:\ide\teensy\arduino\arduino-1.6.8\hardware\teensy\avr\cores\teensy3\usb_midi.c" -o "core\usb_midi.c.o"  -Wall
'Finished building: E:\ide\teensy\arduino\arduino-1.6.8\hardware\teensy\avr\cores\teensy3\usb_midi.c'
' '
'Building file: E:\ide\teensy\arduino\arduino-1.6.8\hardware\teensy\avr\cores\teensy3\usb_mouse.c'
'Starting C compile'
"E:/ide/teensy/arduino/arduino-1.6.8/hardware/teensy/../tools/arm/bin/arm-none-eabi-gcc" -c -Os -g -Wall -ffunction-sections -fdata-sections -nostdlib -MMD -mthumb -mcpu=cortex-m4 -fsingle-precision-constant -D__MK20DX256__ -DTEENSYDUINO=128 -DARDUINO=10609 -DF_CPU=72000000 -DUSB_SERIAL -DLAYOUT_GERMAN_SWISS  -I"E:\ide\teensy\arduino\arduino-1.6.8\hardware\teensy\avr\cores\teensy3" -I"E:\ide\teensy\arduino\arduino-1.6.8\hardware\teensy\avr\libraries\OctoWS2811" -I"E:\ide\teensy\arduino\arduino-1.6.8\hardware\teensy\avr\libraries\FastLED" -MMD -MP -MF"core\usb_mouse.c.d" -MT"core\usb_mouse.c.o" -D__IN_ECLIPSE__=1 "E:\ide\teensy\arduino\arduino-1.6.8\hardware\teensy\avr\cores\teensy3\usb_mouse.c" -o "core\usb_mouse.c.o"  -Wall
'Finished building: E:\ide\teensy\arduino\arduino-1.6.8\hardware\teensy\avr\cores\teensy3\usb_mouse.c'
' '
'Building file: E:\ide\teensy\arduino\arduino-1.6.8\hardware\teensy\avr\cores\teensy3\usb_mtp.c'
'Starting C compile'
"E:/ide/teensy/arduino/arduino-1.6.8/hardware/teensy/../tools/arm/bin/arm-none-eabi-gcc" -c -Os -g -Wall -ffunction-sections -fdata-sections -nostdlib -MMD -mthumb -mcpu=cortex-m4 -fsingle-precision-constant -D__MK20DX256__ -DTEENSYDUINO=128 -DARDUINO=10609 -DF_CPU=72000000 -DUSB_SERIAL -DLAYOUT_GERMAN_SWISS  -I"E:\ide\teensy\arduino\arduino-1.6.8\hardware\teensy\avr\cores\teensy3" -I"E:\ide\teensy\arduino\arduino-1.6.8\hardware\teensy\avr\libraries\OctoWS2811" -I"E:\ide\teensy\arduino\arduino-1.6.8\hardware\teensy\avr\libraries\FastLED" -MMD -MP -MF"core\usb_mtp.c.d" -MT"core\usb_mtp.c.o" -D__IN_ECLIPSE__=1 "E:\ide\teensy\arduino\arduino-1.6.8\hardware\teensy\avr\cores\teensy3\usb_mtp.c" -o "core\usb_mtp.c.o"  -Wall
'Finished building: E:\ide\teensy\arduino\arduino-1.6.8\hardware\teensy\avr\cores\teensy3\usb_mtp.c'
' '
'Building file: E:\ide\teensy\arduino\arduino-1.6.8\hardware\teensy\avr\cores\teensy3\usb_rawhid.c'
'Starting C compile'
"E:/ide/teensy/arduino/arduino-1.6.8/hardware/teensy/../tools/arm/bin/arm-none-eabi-gcc" -c -Os -g -Wall -ffunction-sections -fdata-sections -nostdlib -MMD -mthumb -mcpu=cortex-m4 -fsingle-precision-constant -D__MK20DX256__ -DTEENSYDUINO=128 -DARDUINO=10609 -DF_CPU=72000000 -DUSB_SERIAL -DLAYOUT_GERMAN_SWISS  -I"E:\ide\teensy\arduino\arduino-1.6.8\hardware\teensy\avr\cores\teensy3" -I"E:\ide\teensy\arduino\arduino-1.6.8\hardware\teensy\avr\libraries\OctoWS2811" -I"E:\ide\teensy\arduino\arduino-1.6.8\hardware\teensy\avr\libraries\FastLED" -MMD -MP -MF"core\usb_rawhid.c.d" -MT"core\usb_rawhid.c.o" -D__IN_ECLIPSE__=1 "E:\ide\teensy\arduino\arduino-1.6.8\hardware\teensy\avr\cores\teensy3\usb_rawhid.c" -o "core\usb_rawhid.c.o"  -Wall
'Finished building: E:\ide\teensy\arduino\arduino-1.6.8\hardware\teensy\avr\cores\teensy3\usb_rawhid.c'
' '
'Building file: E:\ide\teensy\arduino\arduino-1.6.8\hardware\teensy\avr\cores\teensy3\usb_seremu.c'
'Starting C compile'
"E:/ide/teensy/arduino/arduino-1.6.8/hardware/teensy/../tools/arm/bin/arm-none-eabi-gcc" -c -Os -g -Wall -ffunction-sections -fdata-sections -nostdlib -MMD -mthumb -mcpu=cortex-m4 -fsingle-precision-constant -D__MK20DX256__ -DTEENSYDUINO=128 -DARDUINO=10609 -DF_CPU=72000000 -DUSB_SERIAL -DLAYOUT_GERMAN_SWISS  -I"E:\ide\teensy\arduino\arduino-1.6.8\hardware\teensy\avr\cores\teensy3" -I"E:\ide\teensy\arduino\arduino-1.6.8\hardware\teensy\avr\libraries\OctoWS2811" -I"E:\ide\teensy\arduino\arduino-1.6.8\hardware\teensy\avr\libraries\FastLED" -MMD -MP -MF"core\usb_seremu.c.d" -MT"core\usb_seremu.c.o" -D__IN_ECLIPSE__=1 "E:\ide\teensy\arduino\arduino-1.6.8\hardware\teensy\avr\cores\teensy3\usb_seremu.c" -o "core\usb_seremu.c.o"  -Wall
'Finished building: E:\ide\teensy\arduino\arduino-1.6.8\hardware\teensy\avr\cores\teensy3\usb_seremu.c'
' '
'Building file: E:\ide\teensy\arduino\arduino-1.6.8\hardware\teensy\avr\cores\teensy3\usb_serial.c'
'Starting C compile'
"E:/ide/teensy/arduino/arduino-1.6.8/hardware/teensy/../tools/arm/bin/arm-none-eabi-gcc" -c -Os -g -Wall -ffunction-sections -fdata-sections -nostdlib -MMD -mthumb -mcpu=cortex-m4 -fsingle-precision-constant -D__MK20DX256__ -DTEENSYDUINO=128 -DARDUINO=10609 -DF_CPU=72000000 -DUSB_SERIAL -DLAYOUT_GERMAN_SWISS  -I"E:\ide\teensy\arduino\arduino-1.6.8\hardware\teensy\avr\cores\teensy3" -I"E:\ide\teensy\arduino\arduino-1.6.8\hardware\teensy\avr\libraries\OctoWS2811" -I"E:\ide\teensy\arduino\arduino-1.6.8\hardware\teensy\avr\libraries\FastLED" -MMD -MP -MF"core\usb_serial.c.d" -MT"core\usb_serial.c.o" -D__IN_ECLIPSE__=1 "E:\ide\teensy\arduino\arduino-1.6.8\hardware\teensy\avr\cores\teensy3\usb_serial.c" -o "core\usb_serial.c.o"  -Wall
'Finished building: E:\ide\teensy\arduino\arduino-1.6.8\hardware\teensy\avr\cores\teensy3\usb_serial.c'
' '
'Building file: E:\ide\teensy\arduino\arduino-1.6.8\hardware\teensy\avr\cores\teensy3\yield.cpp'
'Starting C++ compile'
"E:/ide/teensy/arduino/arduino-1.6.8/hardware/teensy/../tools/arm/bin/arm-none-eabi-g++" -c -Os -g -Wall -ffunction-sections -fdata-sections -nostdlib -MMD -fno-exceptions -felide-constructors -std=gnu++0x -fno-rtti -mthumb -mcpu=cortex-m4 -fsingle-precision-constant -D__MK20DX256__ -DTEENSYDUINO=128 -DARDUINO=10609 -DF_CPU=72000000 -DUSB_SERIAL -DLAYOUT_GERMAN_SWISS  -I"E:\ide\teensy\arduino\arduino-1.6.8\hardware\teensy\avr\cores\teensy3" -I"E:\ide\teensy\arduino\arduino-1.6.8\hardware\teensy\avr\libraries\OctoWS2811" -I"E:\ide\teensy\arduino\arduino-1.6.8\hardware\teensy\avr\libraries\FastLED" -MMD -MP -MF"core\yield.cpp.d" -MT"core\yield.cpp.o" -D__IN_ECLIPSE__=1 -x c++ "E:\ide\teensy\arduino\arduino-1.6.8\hardware\teensy\avr\cores\teensy3\yield.cpp" -o "core\yield.cpp.o"  -Wall
'Finished building: E:\ide\teensy\arduino\arduino-1.6.8\hardware\teensy\avr\cores\teensy3\yield.cpp'
' '
'Starting archiver'
"E:/ide/teensy/arduino/arduino-1.6.8/hardware/teensy/../tools/arm/bin/arm-none-eabi-ar" rcs  arduino.ar  .\core\AudioStream.cpp.o .\core\DMAChannel.cpp.o .\core\HardwareSerial1.cpp.o .\core\HardwareSerial2.cpp.o .\core\HardwareSerial3.cpp.o .\core\IPAddress.cpp.o .\core\IntervalTimer.cpp.o .\core\Print.cpp.o .\core\Stream.cpp.o .\core\Tone.cpp.o .\core\WMath.cpp.o .\core\WString.cpp.o .\core\analog.c.o .\core\avr_emulation.cpp.o .\core\eeprom.c.o .\core\keylayouts.c.o .\core\main.cpp.o .\core\math_helper.c.o .\core\memcpy-armv7m.S.o .\core\memset.S.o .\core\mk20dx128.c.o .\core\new.cpp.o .\core\nonstd.c.o .\core\pins_teensy.c.o .\core\ser_print.c.o .\core\serial1.c.o .\core\serial2.c.o .\core\serial3.c.o .\core\touch.c.o .\core\usb_desc.c.o .\core\usb_dev.c.o .\core\usb_flightsim.cpp.o .\core\usb_inst.cpp.o .\core\usb_joystick.c.o .\core\usb_keyboard.c.o .\core\usb_mem.c.o .\core\usb_midi.c.o .\core\usb_mouse.c.o .\core\usb_mtp.c.o .\core\usb_rawhid.c.o .\core\usb_seremu.c.o .\core\usb_serial.c.o .\core\yield.cpp.o 
'Finished building: arduino.ar'
' '
'Starting combiner'
"E:/ide/teensy/arduino/arduino-1.6.8/hardware/teensy/../tools/arm/bin/arm-none-eabi-gcc" -Os -Wl,--gc-sections,--relax,--defsym=__rtc_localtime=1484951960 "-TE:/ide/teensy/arduino/arduino-1.6.8/hardware/teensy/avr/cores/teensy3/mk20dx256.ld" --specs=nano.specs -mthumb -mcpu=cortex-m4 -fsingle-precision-constant -o "E:/ws2/tableFastLED/Release/tableFastLED.elf"   .\libraries\OctoWS2811\OctoWS2811.cpp.o  .\libraries\FastLED\FastLED.cpp.o .\libraries\FastLED\colorpalettes.cpp.o .\libraries\FastLED\colorutils.cpp.o .\libraries\FastLED\hsv2rgb.cpp.o .\libraries\FastLED\lib8tion.cpp.o .\libraries\FastLED\noise.cpp.o .\libraries\FastLED\power_mgt.cpp.o .\libraries\FastLED\wiring.cpp.o   arduino.ar   "-LE:/ws2/tableFastLED/Release" -larm_cortexM4l_math -lm
arduino.ar(main.cpp.o): In function `main':
E:\ide\teensy\arduino\arduino-1.6.8\hardware\teensy\avr\cores\teensy3/main.cpp:21: undefined reference to `setup'
E:\ide\teensy\arduino\arduino-1.6.8\hardware\teensy\avr\cores\teensy3/main.cpp:23: undefined reference to `loop'
collect2.exe: error: ld returned 1 exit status
makefile:87: recipe for target 'tableFastLED.elf' failed
make: *** [tableFastLED.elf] Error 1

22:39:45 Build Finished (took 20s.179ms)

